\BOOKMARK [1][-]{section.1}{\376\377\000W\000h\000y\000\040\000N\000e\000u\000r\000a\000l\000\040\000N\000e\000t\000w\000o\000r\000k\000s\000\040\000E\000x\000i\000s\000t}{}% 1
\BOOKMARK [1][-]{section.2}{\376\377\000T\000h\000e\000\040\000B\000a\000s\000i\000c\000\040\000U\000n\000i\000t\000:\000\040\000A\000\040\000S\000i\000n\000g\000l\000e\000\040\000N\000e\000u\000r\000o\000n}{}% 2
\BOOKMARK [2][-]{subsection.2.1}{\376\377\000I\000n\000t\000u\000i\000t\000i\000o\000n}{section.2}% 3
\BOOKMARK [1][-]{section.3}{\376\377\000F\000r\000o\000m\000\040\000N\000e\000u\000r\000o\000n\000s\000\040\000t\000o\000\040\000L\000a\000y\000e\000r\000s\000\040\000a\000n\000d\000\040\000N\000e\000t\000w\000o\000r\000k\000s}{}% 4
\BOOKMARK [2][-]{subsection.3.1}{\376\377\000W\000h\000y\000\040\000D\000e\000p\000t\000h\000\040\000H\000e\000l\000p\000s}{section.3}% 5
\BOOKMARK [1][-]{section.4}{\376\377\000F\000o\000r\000w\000a\000r\000d\000\040\000P\000a\000s\000s}{}% 6
\BOOKMARK [1][-]{section.5}{\376\377\000L\000o\000s\000s\000\040\000F\000u\000n\000c\000t\000i\000o\000n\000s}{}% 7
\BOOKMARK [2][-]{subsection.5.1}{\376\377\000M\000e\000a\000n\000\040\000S\000q\000u\000a\000r\000e\000d\000\040\000E\000r\000r\000o\000r}{section.5}% 8
\BOOKMARK [2][-]{subsection.5.2}{\376\377\000B\000i\000n\000a\000r\000y\000\040\000C\000r\000o\000s\000s\000-\000E\000n\000t\000r\000o\000p\000y}{section.5}% 9
\BOOKMARK [2][-]{subsection.5.3}{\376\377\000W\000h\000a\000t\000\040\000t\000h\000e\000\040\000L\000o\000s\000s\000\040\000I\000s\000\040\000R\000e\000a\000l\000l\000y\000\040\000D\000o\000i\000n\000g}{section.5}% 10
\BOOKMARK [1][-]{section.6}{\376\377\000B\000a\000c\000k\000p\000r\000o\000p\000a\000g\000a\000t\000i\000o\000n}{}% 11
\BOOKMARK [2][-]{subsection.6.1}{\376\377\000W\000h\000y\000\040\000I\000t\000\040\000W\000o\000r\000k\000s}{section.6}% 12
\BOOKMARK [1][-]{section.7}{\376\377\000G\000r\000a\000d\000i\000e\000n\000t\000\040\000D\000e\000s\000c\000e\000n\000t\000\040\000a\000n\000d\000\040\000O\000p\000t\000i\000m\000i\000z\000e\000r\000s}{}% 13
\BOOKMARK [2][-]{subsection.7.1}{\376\377\000M\000i\000n\000i\000-\000b\000a\000t\000c\000h\000\040\000T\000r\000a\000i\000n\000i\000n\000g}{section.7}% 14
\BOOKMARK [2][-]{subsection.7.2}{\376\377\000C\000o\000m\000m\000o\000n\000\040\000O\000p\000t\000i\000m\000i\000z\000e\000r\000s}{section.7}% 15
\BOOKMARK [2][-]{subsection.7.3}{\376\377\000L\000e\000a\000r\000n\000i\000n\000g\000\040\000R\000a\000t\000e\000\040\000I\000s\000\040\000U\000s\000u\000a\000l\000l\000y\000\040\000t\000h\000e\000\040\000M\000o\000s\000t\000\040\000I\000m\000p\000o\000r\000t\000a\000n\000t\000\040\000H\000y\000p\000e\000r\000p\000a\000r\000a\000m\000e\000t\000e\000r}{section.7}% 16
\BOOKMARK [1][-]{section.8}{\376\377\000A\000c\000t\000i\000v\000a\000t\000i\000o\000n\000\040\000F\000u\000n\000c\000t\000i\000o\000n\000s}{}% 17
\BOOKMARK [2][-]{subsection.8.1}{\376\377\000R\000e\000L\000U}{section.8}% 18
\BOOKMARK [2][-]{subsection.8.2}{\376\377\000L\000e\000a\000k\000y\000\040\000R\000e\000L\000U\000\040\000a\000n\000d\000\040\000G\000E\000L\000U}{section.8}% 19
\BOOKMARK [2][-]{subsection.8.3}{\376\377\000S\000i\000g\000m\000o\000i\000d\000\040\000a\000n\000d\000\040\000T\000a\000n\000h}{section.8}% 20
\BOOKMARK [1][-]{section.9}{\376\377\000I\000n\000i\000t\000i\000a\000l\000i\000z\000a\000t\000i\000o\000n}{}% 21
\BOOKMARK [2][-]{subsection.9.1}{\376\377\000W\000h\000y\000\040\000I\000n\000i\000t\000i\000a\000l\000i\000z\000a\000t\000i\000o\000n\000\040\000M\000a\000t\000t\000e\000r\000s}{section.9}% 22
\BOOKMARK [2][-]{subsection.9.2}{\376\377\000C\000o\000m\000m\000o\000n\000\040\000S\000c\000h\000e\000m\000e\000s}{section.9}% 23
\BOOKMARK [1][-]{section.10}{\376\377\000R\000e\000g\000u\000l\000a\000r\000i\000z\000a\000t\000i\000o\000n}{}% 24
\BOOKMARK [2][-]{subsection.10.1}{\376\377\000L\0002\000\040\000W\000e\000i\000g\000h\000t\000\040\000D\000e\000c\000a\000y}{section.10}% 25
\BOOKMARK [2][-]{subsection.10.2}{\376\377\000D\000r\000o\000p\000o\000u\000t}{section.10}% 26
\BOOKMARK [2][-]{subsection.10.3}{\376\377\000E\000a\000r\000l\000y\000\040\000S\000t\000o\000p\000p\000i\000n\000g}{section.10}% 27
\BOOKMARK [2][-]{subsection.10.4}{\376\377\000D\000a\000t\000a\000\040\000A\000u\000g\000m\000e\000n\000t\000a\000t\000i\000o\000n}{section.10}% 28
\BOOKMARK [1][-]{section.11}{\376\377\000N\000o\000r\000m\000a\000l\000i\000z\000a\000t\000i\000o\000n}{}% 29
\BOOKMARK [2][-]{subsection.11.1}{\376\377\000F\000e\000a\000t\000u\000r\000e\000\040\000S\000c\000a\000l\000i\000n\000g}{section.11}% 30
\BOOKMARK [2][-]{subsection.11.2}{\376\377\000B\000a\000t\000c\000h\000\040\000N\000o\000r\000m\000a\000l\000i\000z\000a\000t\000i\000o\000n\000\040\000a\000n\000d\000\040\000L\000a\000y\000e\000r\000\040\000N\000o\000r\000m\000a\000l\000i\000z\000a\000t\000i\000o\000n}{section.11}% 31
\BOOKMARK [1][-]{section.12}{\376\377\000T\000h\000e\000\040\000T\000y\000p\000i\000c\000a\000l\000\040\000T\000r\000a\000i\000n\000i\000n\000g\000\040\000L\000o\000o\000p}{}% 32
\BOOKMARK [1][-]{section.13}{\376\377\000H\000o\000w\000\040\000t\000o\000\040\000R\000e\000a\000d\000\040\000T\000r\000a\000i\000n\000i\000n\000g\000\040\000C\000u\000r\000v\000e\000s}{}% 33
\BOOKMARK [2][-]{subsection.13.1}{\376\377\000U\000n\000d\000e\000r\000f\000i\000t\000t\000i\000n\000g}{section.13}% 34
\BOOKMARK [2][-]{subsection.13.2}{\376\377\000O\000v\000e\000r\000f\000i\000t\000t\000i\000n\000g}{section.13}% 35
\BOOKMARK [1][-]{section.14}{\376\377\000T\000h\000e\000\040\000M\000o\000s\000t\000\040\000I\000m\000p\000o\000r\000t\000a\000n\000t\000\040\000H\000y\000p\000e\000r\000p\000a\000r\000a\000m\000e\000t\000e\000r\000s\000\040\000t\000o\000\040\000T\000u\000n\000e}{}% 36
\BOOKMARK [2][-]{subsection.14.1}{\376\377\000T\000i\000e\000r\000\040\0001\000:\000\040\000U\000s\000u\000a\000l\000l\000y\000\040\000H\000i\000g\000h\000e\000s\000t\000\040\000I\000m\000p\000a\000c\000t}{section.14}% 37
\BOOKMARK [2][-]{subsection.14.2}{\376\377\000T\000i\000e\000r\000\040\0002\000:\000\040\000I\000m\000p\000o\000r\000t\000a\000n\000t\000\040\000b\000u\000t\000\040\000C\000o\000n\000t\000e\000x\000t\000-\000D\000e\000p\000e\000n\000d\000e\000n\000t}{section.14}% 38
\BOOKMARK [1][-]{section.15}{\376\377\000A\000\040\000P\000r\000a\000c\000t\000i\000c\000a\000l\000\040\000T\000u\000n\000i\000n\000g\000\040\000S\000t\000r\000a\000t\000e\000g\000y}{}% 39
\BOOKMARK [2][-]{subsection.15.1}{\376\377\000S\000t\000e\000p\000\040\0001\000:\000\040\000G\000e\000t\000\040\000a\000\040\000S\000t\000a\000b\000l\000e\000\040\000B\000a\000s\000e\000l\000i\000n\000e}{section.15}% 40
\BOOKMARK [2][-]{subsection.15.2}{\376\377\000S\000t\000e\000p\000\040\0002\000:\000\040\000T\000u\000n\000e\000\040\000L\000e\000a\000r\000n\000i\000n\000g\000\040\000R\000a\000t\000e}{section.15}% 41
\BOOKMARK [2][-]{subsection.15.3}{\376\377\000S\000t\000e\000p\000\040\0003\000:\000\040\000T\000u\000n\000e\000\040\000C\000a\000p\000a\000c\000i\000t\000y}{section.15}% 42
\BOOKMARK [2][-]{subsection.15.4}{\376\377\000S\000t\000e\000p\000\040\0004\000:\000\040\000T\000u\000n\000e\000\040\000R\000e\000g\000u\000l\000a\000r\000i\000z\000a\000t\000i\000o\000n}{section.15}% 43
\BOOKMARK [2][-]{subsection.15.5}{\376\377\000S\000t\000e\000p\000\040\0005\000:\000\040\000T\000u\000n\000e\000\040\000S\000e\000e\000d\000s\000\040\000a\000n\000d\000\040\000E\000n\000s\000e\000m\000b\000l\000i\000n\000g}{section.15}% 44
\BOOKMARK [1][-]{section.16}{\376\377\000C\000o\000m\000m\000o\000n\000\040\000F\000a\000i\000l\000u\000r\000e\000\040\000M\000o\000d\000e\000s}{}% 45
\BOOKMARK [2][-]{subsection.16.1}{\376\377\000D\000i\000v\000e\000r\000g\000e\000n\000c\000e}{section.16}% 46
\BOOKMARK [2][-]{subsection.16.2}{\376\377\000N\000o\000\040\000L\000e\000a\000r\000n\000i\000n\000g}{section.16}% 47
\BOOKMARK [2][-]{subsection.16.3}{\376\377\000V\000a\000l\000i\000d\000a\000t\000i\000o\000n\000\040\000I\000s\000\040\000G\000o\000o\000d\000\040\000b\000u\000t\000\040\000L\000e\000a\000d\000e\000r\000b\000o\000a\000r\000d\000\040\000I\000s\000\040\000B\000a\000d}{section.16}% 48
\BOOKMARK [1][-]{section.17}{\376\377\000N\000e\000u\000r\000a\000l\000\040\000N\000e\000t\000w\000o\000r\000k\000s\000\040\000o\000n\000\040\000T\000a\000b\000u\000l\000a\000r\000\040\000D\000a\000t\000a}{}% 49
\BOOKMARK [2][-]{subsection.17.1}{\376\377\000T\000y\000p\000i\000c\000a\000l\000\040\000T\000a\000b\000u\000l\000a\000r\000\040\000N\000N\000\040\000D\000e\000s\000i\000g\000n\000\040\000C\000h\000o\000i\000c\000e\000s}{section.17}% 50
\BOOKMARK [2][-]{subsection.17.2}{\376\377\000W\000h\000y\000\040\000T\000a\000b\000u\000l\000a\000r\000\040\000N\000N\000s\000\040\000O\000f\000t\000e\000n\000\040\000W\000o\000r\000k\000\040\000B\000e\000s\000t\000\040\000a\000s\000\040\000D\000i\000v\000e\000r\000s\000i\000t\000y\000\040\000M\000o\000d\000e\000l\000s}{section.17}% 51
\BOOKMARK [1][-]{section.18}{\376\377\000F\000r\000o\000m\000\040\000M\000L\000P\000s\000\040\000t\000o\000\040\000T\000r\000a\000n\000s\000f\000o\000r\000m\000e\000r\000s}{}% 52
\BOOKMARK [2][-]{subsection.18.1}{\376\377\000W\000h\000y\000\040\000T\000r\000a\000n\000s\000f\000o\000r\000m\000e\000r\000s\000\040\000M\000a\000t\000t\000e\000r}{section.18}% 53
\BOOKMARK [2][-]{subsection.18.2}{\376\377\000W\000h\000a\000t\000\040\000C\000h\000a\000n\000g\000e\000s\000\040\000W\000h\000e\000n\000\040\000T\000u\000n\000i\000n\000g\000\040\000T\000r\000a\000n\000s\000f\000o\000r\000m\000e\000r\000s}{section.18}% 54
\BOOKMARK [1][-]{section.19}{\376\377\000A\000\040\000T\000u\000n\000i\000n\000g\000\040\000C\000h\000e\000c\000k\000l\000i\000s\000t}{}% 55
\BOOKMARK [1][-]{section.20}{\376\377\000W\000h\000a\000t\000\040\000S\000t\000r\000o\000n\000g\000\040\000P\000r\000a\000c\000t\000i\000c\000a\000l\000\040\000T\000u\000n\000i\000n\000g\000\040\000L\000o\000o\000k\000s\000\040\000L\000i\000k\000e}{}% 56
\BOOKMARK [1][-]{section.21}{\376\377\000C\000o\000n\000c\000l\000u\000s\000i\000o\000n}{}% 57
